[2020-12-14 08:28:05.222] [exthost] [info] extension host started
[2020-12-14 08:28:06.192] [exthost] [info] ExtensionService#_doActivateExtension vscode.microsoft-authentication {"startup":false,"extensionId":{"value":"vscode.microsoft-authentication","_lower":"vscode.microsoft-authentication"},"activationEvent":"onAuthenticationRequest:microsoft"}
[2020-12-14 08:28:06.204] [exthost] [info] ExtensionService#loadCommonJSModule file:///usr/share/code/resources/app/extensions/microsoft-authentication/dist/extension.js
[2020-12-14 08:28:06.356] [exthost] [info] ExtensionService#_doActivateExtension vscode.debug-auto-launch {"startup":true,"extensionId":{"value":"vscode.debug-auto-launch","_lower":"vscode.debug-auto-launch"},"activationEvent":"*"}
[2020-12-14 08:28:06.356] [exthost] [info] ExtensionService#loadCommonJSModule file:///usr/share/code/resources/app/extensions/debug-auto-launch/dist/extension
[2020-12-14 08:28:06.399] [exthost] [info] ExtensionService#_doActivateExtension vscode.emmet {"startup":true,"extensionId":{"value":"vscode.emmet","_lower":"vscode.emmet"},"activationEvent":"*"}
[2020-12-14 08:28:06.401] [exthost] [info] ExtensionService#loadCommonJSModule file:///usr/share/code/resources/app/extensions/emmet/dist/node/emmetNodeMain
[2020-12-14 08:28:06.599] [exthost] [info] ExtensionService#_doActivateExtension vscode.git {"startup":true,"extensionId":{"value":"vscode.github","_lower":"vscode.github"},"activationEvent":"*"}
[2020-12-14 08:28:06.600] [exthost] [info] ExtensionService#loadCommonJSModule file:///usr/share/code/resources/app/extensions/git/dist/main
[2020-12-14 08:28:06.990] [exthost] [info] ExtensionService#_doActivateExtension vscode.merge-conflict {"startup":true,"extensionId":{"value":"vscode.merge-conflict","_lower":"vscode.merge-conflict"},"activationEvent":"*"}
[2020-12-14 08:28:06.990] [exthost] [info] ExtensionService#loadCommonJSModule file:///usr/share/code/resources/app/extensions/merge-conflict/dist/mergeConflictMain
[2020-12-14 08:28:07.023] [exthost] [info] ExtensionService#_doActivateExtension vscode.search-result {"startup":true,"extensionId":{"value":"vscode.search-result","_lower":"vscode.search-result"},"activationEvent":"*"}
[2020-12-14 08:28:07.025] [exthost] [info] ExtensionService#loadCommonJSModule file:///usr/share/code/resources/app/extensions/search-result/dist/extension.js
[2020-12-14 08:28:09.085] [exthost] [info] ExtensionService#_doActivateExtension vscode.github {"startup":true,"extensionId":{"value":"vscode.github","_lower":"vscode.github"},"activationEvent":"*"}
[2020-12-14 08:28:09.087] [exthost] [info] ExtensionService#loadCommonJSModule file:///usr/share/code/resources/app/extensions/github/dist/extension.js
[2020-12-14 08:28:09.287] [exthost] [info] ExtensionService#_doActivateExtension ms-vscode.js-debug {"startup":false,"extensionId":{"value":"ms-vscode.js-debug","_lower":"ms-vscode.js-debug"},"activationEvent":"onCommand:extension.js-debug.clearAutoAttachVariables"}
[2020-12-14 08:28:09.288] [exthost] [info] ExtensionService#loadCommonJSModule file:///usr/share/code/resources/app/extensions/ms-vscode.js-debug/src/extension.js
[2020-12-14 08:28:10.718] [exthost] [info] eager extensions activated
[2020-12-14 08:28:11.135] [exthost] [info] ExtensionService#_doActivateExtension vscode.github-authentication {"startup":false,"extensionId":{"value":"vscode.github-authentication","_lower":"vscode.github-authentication"},"activationEvent":"onAuthenticationRequest:github"}
[2020-12-14 08:28:11.137] [exthost] [info] ExtensionService#loadCommonJSModule file:///usr/share/code/resources/app/extensions/github-authentication/dist/extension.js
[2020-12-16 08:16:55.573] [exthost] [info] ExtensionService#_doActivateExtension ms-vscode.node-debug2 {"startup":false,"extensionId":{"value":"ms-vscode.node-debug","_lower":"ms-vscode.node-debug"},"activationEvent":"onDebugInitialConfigurations"}
[2020-12-16 08:16:55.610] [exthost] [info] ExtensionService#loadCommonJSModule file:///usr/share/code/resources/app/extensions/ms-vscode.node-debug2/out/src/extension
[2020-12-16 08:16:56.145] [exthost] [info] ExtensionService#_doActivateExtension ms-vscode.node-debug {"startup":false,"extensionId":{"value":"ms-vscode.node-debug","_lower":"ms-vscode.node-debug"},"activationEvent":"onDebugInitialConfigurations"}
[2020-12-16 08:16:56.166] [exthost] [info] ExtensionService#loadCommonJSModule file:///usr/share/code/resources/app/extensions/ms-vscode.node-debug/dist/extension.js
[2020-12-16 08:16:59.576] [exthost] [info] ExtensionService#_doActivateExtension vscode.debug-server-ready {"startup":false,"extensionId":{"value":"vscode.debug-server-ready","_lower":"vscode.debug-server-ready"},"activationEvent":"onDebugResolve"}
[2020-12-16 08:16:59.577] [exthost] [info] ExtensionService#loadCommonJSModule file:///usr/share/code/resources/app/extensions/debug-server-ready/dist/extension
[2021-01-03 19:53:22.226] [exthost] [info] ExtensionService#_doActivateExtension vscode.configuration-editing {"startup":false,"extensionId":{"value":"vscode.configuration-editing","_lower":"vscode.configuration-editing"},"activationEvent":"onLanguage:jsonc"}
[2021-01-03 19:53:22.235] [exthost] [info] ExtensionService#loadCommonJSModule file:///usr/share/code/resources/app/extensions/configuration-editing/dist/configurationEditingMain
[2021-01-03 19:53:22.302] [exthost] [info] ExtensionService#_doActivateExtension vscode.json-language-features {"startup":false,"extensionId":{"value":"vscode.json-language-features","_lower":"vscode.json-language-features"},"activationEvent":"onLanguage:jsonc"}
[2021-01-03 19:53:22.302] [exthost] [info] ExtensionService#loadCommonJSModule file:///usr/share/code/resources/app/extensions/json-language-features/client/dist/node/jsonClientMain
[2021-01-03 19:53:22.497] [exthost] [info] ExtensionService#_doActivateExtension vscode.typescript-language-features {"startup":false,"extensionId":{"value":"vscode.typescript-language-features","_lower":"vscode.typescript-language-features"},"activationEvent":"onLanguage:jsonc"}
[2021-01-03 19:53:22.498] [exthost] [info] ExtensionService#loadCommonJSModule file:///usr/share/code/resources/app/extensions/typescript-language-features/dist/extension
[2021-01-03 19:53:28.183] [exthost] [warning] [Decorations] CAPPING events from decorations provider vscode.git 251
[2021-01-03 19:53:55.408] [exthost] [warning] [Decorations] CAPPING events from decorations provider vscode.git 256
[2021-01-03 19:54:02.154] [exthost] [warning] [Decorations] CAPPING events from decorations provider vscode.git 276
[2021-01-03 19:54:07.363] [exthost] [warning] [Decorations] CAPPING events from decorations provider vscode.git 276
[2021-01-03 20:00:14.893] [exthost] [warning] [Decorations] CAPPING events from decorations provider vscode.git 276
[2021-01-03 20:00:20.105] [exthost] [warning] [Decorations] CAPPING events from decorations provider vscode.git 276
[2021-01-03 20:00:25.323] [exthost] [warning] [Decorations] CAPPING events from decorations provider vscode.git 276
[2021-01-03 20:00:30.572] [exthost] [warning] [Decorations] CAPPING events from decorations provider vscode.git 276
[2021-01-03 20:00:35.794] [exthost] [warning] [Decorations] CAPPING events from decorations provider vscode.git 276
[2021-01-03 20:00:40.987] [exthost] [warning] [Decorations] CAPPING events from decorations provider vscode.git 276
[2021-01-03 20:00:46.194] [exthost] [warning] [Decorations] CAPPING events from decorations provider vscode.git 276
[2021-01-03 20:00:51.386] [exthost] [warning] [Decorations] CAPPING events from decorations provider vscode.git 276
[2021-01-03 20:00:56.558] [exthost] [warning] [Decorations] CAPPING events from decorations provider vscode.git 276
[2021-01-03 20:01:01.767] [exthost] [warning] [Decorations] CAPPING events from decorations provider vscode.git 276
[2021-01-03 20:05:56.453] [exthost] [warning] [Decorations] CAPPING events from decorations provider vscode.git 276
[2021-01-03 20:06:01.654] [exthost] [warning] [Decorations] CAPPING events from decorations provider vscode.git 276
[2021-01-03 20:06:06.878] [exthost] [warning] [Decorations] CAPPING events from decorations provider vscode.git 276
[2021-01-03 20:06:12.083] [exthost] [warning] [Decorations] CAPPING events from decorations provider vscode.git 276
[2021-01-03 20:06:17.337] [exthost] [warning] [Decorations] CAPPING events from decorations provider vscode.git 276
[2021-01-03 20:06:22.614] [exthost] [warning] [Decorations] CAPPING events from decorations provider vscode.git 276
[2021-01-03 20:06:27.864] [exthost] [warning] [Decorations] CAPPING events from decorations provider vscode.git 276
[2021-01-03 20:06:33.076] [exthost] [warning] [Decorations] CAPPING events from decorations provider vscode.git 276
[2021-01-03 20:06:38.286] [exthost] [warning] [Decorations] CAPPING events from decorations provider vscode.git 276
[2021-01-03 20:06:43.507] [exthost] [warning] [Decorations] CAPPING events from decorations provider vscode.git 276
[2021-01-03 20:06:55.430] [exthost] [warning] [Decorations] CAPPING events from decorations provider vscode.git 276
[2021-01-03 20:07:00.652] [exthost] [warning] [Decorations] CAPPING events from decorations provider vscode.git 276
[2021-01-03 20:07:06.162] [exthost] [warning] [Decorations] CAPPING events from decorations provider vscode.git 276
[2021-01-03 20:12:03.164] [exthost] [warning] [Decorations] CAPPING events from decorations provider vscode.git 276
[2021-01-03 20:12:08.937] [exthost] [warning] [Decorations] CAPPING events from decorations provider vscode.git 276
[2021-01-03 20:12:14.164] [exthost] [warning] [Decorations] CAPPING events from decorations provider vscode.git 276
[2021-01-03 20:12:19.409] [exthost] [warning] [Decorations] CAPPING events from decorations provider vscode.git 276
[2021-01-03 20:12:24.670] [exthost] [warning] [Decorations] CAPPING events from decorations provider vscode.git 276
[2021-01-03 20:12:35.198] [exthost] [warning] [Decorations] CAPPING events from decorations provider vscode.git 276
[2021-01-03 20:12:40.431] [exthost] [warning] [Decorations] CAPPING events from decorations provider vscode.git 276
[2021-01-03 20:12:45.678] [exthost] [warning] [Decorations] CAPPING events from decorations provider vscode.git 276
[2021-01-03 20:12:50.907] [exthost] [warning] [Decorations] CAPPING events from decorations provider vscode.git 276
[2021-01-03 20:12:56.116] [exthost] [warning] [Decorations] CAPPING events from decorations provider vscode.git 276
[2021-01-03 20:13:01.396] [exthost] [warning] [Decorations] CAPPING events from decorations provider vscode.git 276
[2021-01-03 20:13:07.322] [exthost] [warning] [Decorations] CAPPING events from decorations provider vscode.git 276
[2021-01-03 20:13:12.683] [exthost] [warning] [Decorations] CAPPING events from decorations provider vscode.git 276
[2021-01-03 20:13:17.942] [exthost] [warning] [Decorations] CAPPING events from decorations provider vscode.git 276
[2021-01-03 20:13:23.146] [exthost] [warning] [Decorations] CAPPING events from decorations provider vscode.git 276
[2021-01-03 20:13:28.369] [exthost] [warning] [Decorations] CAPPING events from decorations provider vscode.git 276
[2021-01-03 20:13:33.637] [exthost] [warning] [Decorations] CAPPING events from decorations provider vscode.git 276
[2021-01-03 20:13:38.891] [exthost] [warning] [Decorations] CAPPING events from decorations provider vscode.git 276
[2021-01-03 20:13:44.205] [exthost] [warning] [Decorations] CAPPING events from decorations provider vscode.git 276
[2021-01-03 20:13:49.436] [exthost] [warning] [Decorations] CAPPING events from decorations provider vscode.git 276
[2021-01-04 07:36:01.669] [exthost] [warning] [Decorations] CAPPING events from decorations provider vscode.git 276
[2021-01-04 07:36:14.472] [exthost] [warning] [Decorations] CAPPING events from decorations provider vscode.git 276
[2021-01-04 07:36:19.924] [exthost] [warning] [Decorations] CAPPING events from decorations provider vscode.git 276
[2021-01-04 07:36:42.096] [exthost] [warning] [Decorations] CAPPING events from decorations provider vscode.git 276
[2021-01-04 07:41:14.225] [exthost] [warning] [Decorations] CAPPING events from decorations provider vscode.git 277
[2021-01-04 07:41:19.500] [exthost] [warning] [Decorations] CAPPING events from decorations provider vscode.git 277
[2021-01-04 07:41:24.772] [exthost] [warning] [Decorations] CAPPING events from decorations provider vscode.git 277
[2021-01-04 07:41:30.044] [exthost] [warning] [Decorations] CAPPING events from decorations provider vscode.git 277
[2021-01-04 07:41:35.309] [exthost] [warning] [Decorations] CAPPING events from decorations provider vscode.git 277
[2021-01-04 07:41:40.551] [exthost] [warning] [Decorations] CAPPING events from decorations provider vscode.git 277
[2021-01-04 07:44:17.932] [exthost] [warning] [Decorations] CAPPING events from decorations provider vscode.git 277
[2021-01-04 07:44:23.250] [exthost] [warning] [Decorations] CAPPING events from decorations provider vscode.git 277
[2021-01-04 07:44:28.519] [exthost] [warning] [Decorations] CAPPING events from decorations provider vscode.git 277
[2021-01-04 07:44:33.808] [exthost] [warning] [Decorations] CAPPING events from decorations provider vscode.git 277
[2021-01-04 07:44:39.030] [exthost] [warning] [Decorations] CAPPING events from decorations provider vscode.git 277
[2021-01-04 07:44:44.358] [exthost] [warning] [Decorations] CAPPING events from decorations provider vscode.git 277
[2021-01-04 07:44:49.561] [exthost] [warning] [Decorations] CAPPING events from decorations provider vscode.git 277
[2021-01-04 07:44:54.802] [exthost] [warning] [Decorations] CAPPING events from decorations provider vscode.git 277
[2021-01-04 07:45:00.040] [exthost] [warning] [Decorations] CAPPING events from decorations provider vscode.git 277
[2021-01-04 07:45:05.321] [exthost] [warning] [Decorations] CAPPING events from decorations provider vscode.git 277
[2021-01-04 07:45:38.026] [exthost] [warning] [Decorations] CAPPING events from decorations provider vscode.git 277
[2021-01-04 07:45:43.234] [exthost] [warning] [Decorations] CAPPING events from decorations provider vscode.git 277
[2021-01-04 07:45:48.503] [exthost] [warning] [Decorations] CAPPING events from decorations provider vscode.git 277
[2021-01-04 07:45:53.693] [exthost] [warning] [Decorations] CAPPING events from decorations provider vscode.git 277
[2021-01-04 07:45:58.937] [exthost] [warning] [Decorations] CAPPING events from decorations provider vscode.git 277
[2021-01-04 07:46:04.172] [exthost] [warning] [Decorations] CAPPING events from decorations provider vscode.git 277
[2021-01-04 07:46:09.386] [exthost] [warning] [Decorations] CAPPING events from decorations provider vscode.git 277
[2021-01-04 07:46:20.112] [exthost] [warning] [Decorations] CAPPING events from decorations provider vscode.git 277
[2021-01-04 07:46:25.352] [exthost] [warning] [Decorations] CAPPING events from decorations provider vscode.git 277
[2021-01-04 07:46:30.575] [exthost] [warning] [Decorations] CAPPING events from decorations provider vscode.git 277
[2021-01-04 07:46:35.794] [exthost] [warning] [Decorations] CAPPING events from decorations provider vscode.git 277
[2021-01-04 07:46:41.014] [exthost] [warning] [Decorations] CAPPING events from decorations provider vscode.git 277
[2021-01-04 07:46:46.216] [exthost] [warning] [Decorations] CAPPING events from decorations provider vscode.git 277
[2021-01-04 07:46:51.450] [exthost] [warning] [Decorations] CAPPING events from decorations provider vscode.git 277
[2021-01-04 07:46:56.696] [exthost] [warning] [Decorations] CAPPING events from decorations provider vscode.git 277
[2021-01-04 07:47:01.901] [exthost] [warning] [Decorations] CAPPING events from decorations provider vscode.git 277
[2021-01-04 07:47:07.109] [exthost] [warning] [Decorations] CAPPING events from decorations provider vscode.git 277
[2021-01-04 07:47:12.374] [exthost] [warning] [Decorations] CAPPING events from decorations provider vscode.git 277
[2021-01-04 07:47:49.249] [exthost] [warning] [Decorations] CAPPING events from decorations provider vscode.git 277
[2021-01-04 07:47:54.503] [exthost] [warning] [Decorations] CAPPING events from decorations provider vscode.git 277
[2021-01-04 07:48:21.765] [exthost] [warning] [Decorations] CAPPING events from decorations provider vscode.git 277
[2021-01-04 07:48:26.961] [exthost] [warning] [Decorations] CAPPING events from decorations provider vscode.git 277
[2021-01-04 07:48:32.191] [exthost] [warning] [Decorations] CAPPING events from decorations provider vscode.git 277
[2021-01-04 07:48:37.417] [exthost] [warning] [Decorations] CAPPING events from decorations provider vscode.git 277
[2021-01-04 07:48:42.631] [exthost] [warning] [Decorations] CAPPING events from decorations provider vscode.git 277
[2021-01-04 07:48:47.827] [exthost] [warning] [Decorations] CAPPING events from decorations provider vscode.git 277
[2021-01-04 07:48:53.014] [exthost] [warning] [Decorations] CAPPING events from decorations provider vscode.git 277
[2021-01-04 07:48:58.262] [exthost] [warning] [Decorations] CAPPING events from decorations provider vscode.git 277
[2021-01-04 07:49:03.520] [exthost] [warning] [Decorations] CAPPING events from decorations provider vscode.git 277
[2021-01-04 07:49:08.729] [exthost] [warning] [Decorations] CAPPING events from decorations provider vscode.git 277
[2021-01-04 07:49:13.910] [exthost] [warning] [Decorations] CAPPING events from decorations provider vscode.git 277
[2021-01-04 07:49:19.150] [exthost] [warning] [Decorations] CAPPING events from decorations provider vscode.git 277
[2021-01-04 07:49:24.380] [exthost] [warning] [Decorations] CAPPING events from decorations provider vscode.git 277
[2021-01-04 07:49:29.593] [exthost] [warning] [Decorations] CAPPING events from decorations provider vscode.git 277
[2021-01-04 07:49:34.817] [exthost] [warning] [Decorations] CAPPING events from decorations provider vscode.git 277
[2021-01-04 07:49:40.057] [exthost] [warning] [Decorations] CAPPING events from decorations provider vscode.git 277
[2021-01-04 07:49:45.325] [exthost] [warning] [Decorations] CAPPING events from decorations provider vscode.git 277
[2021-01-04 07:49:50.538] [exthost] [warning] [Decorations] CAPPING events from decorations provider vscode.git 277
[2021-01-04 07:49:55.754] [exthost] [warning] [Decorations] CAPPING events from decorations provider vscode.git 277
[2021-01-04 07:50:00.999] [exthost] [warning] [Decorations] CAPPING events from decorations provider vscode.git 277
[2021-01-04 07:50:06.213] [exthost] [warning] [Decorations] CAPPING events from decorations provider vscode.git 277
[2021-01-04 07:50:11.422] [exthost] [warning] [Decorations] CAPPING events from decorations provider vscode.git 277
[2021-01-04 07:50:16.653] [exthost] [warning] [Decorations] CAPPING events from decorations provider vscode.git 277
[2021-01-04 07:50:21.862] [exthost] [warning] [Decorations] CAPPING events from decorations provider vscode.git 277
[2021-01-04 07:50:27.069] [exthost] [warning] [Decorations] CAPPING events from decorations provider vscode.git 277
[2021-01-04 07:50:32.282] [exthost] [warning] [Decorations] CAPPING events from decorations provider vscode.git 277
[2021-01-04 07:50:37.512] [exthost] [warning] [Decorations] CAPPING events from decorations provider vscode.git 277
[2021-01-04 07:50:42.735] [exthost] [warning] [Decorations] CAPPING events from decorations provider vscode.git 277
[2021-01-04 07:50:47.951] [exthost] [warning] [Decorations] CAPPING events from decorations provider vscode.git 277
[2021-01-04 07:50:59.125] [exthost] [warning] [Decorations] CAPPING events from decorations provider vscode.git 277
[2021-01-04 07:51:04.324] [exthost] [warning] [Decorations] CAPPING events from decorations provider vscode.git 277
[2021-01-04 07:51:09.548] [exthost] [warning] [Decorations] CAPPING events from decorations provider vscode.git 277
[2021-01-04 07:51:14.764] [exthost] [warning] [Decorations] CAPPING events from decorations provider vscode.git 277
[2021-01-04 07:51:19.966] [exthost] [warning] [Decorations] CAPPING events from decorations provider vscode.git 277
[2021-01-04 07:51:25.182] [exthost] [warning] [Decorations] CAPPING events from decorations provider vscode.git 277
[2021-01-04 07:51:30.405] [exthost] [warning] [Decorations] CAPPING events from decorations provider vscode.git 277
[2021-01-04 07:51:35.630] [exthost] [warning] [Decorations] CAPPING events from decorations provider vscode.git 277
[2021-01-04 07:51:44.298] [exthost] [warning] [Decorations] CAPPING events from decorations provider vscode.git 277
[2021-01-04 07:52:02.063] [exthost] [warning] [Decorations] CAPPING events from decorations provider vscode.git 277
[2021-01-04 07:52:07.275] [exthost] [warning] [Decorations] CAPPING events from decorations provider vscode.git 277
[2021-01-04 07:52:12.478] [exthost] [warning] [Decorations] CAPPING events from decorations provider vscode.git 277
[2021-01-04 07:52:17.687] [exthost] [warning] [Decorations] CAPPING events from decorations provider vscode.git 277
[2021-01-04 07:53:15.953] [exthost] [warning] [Decorations] CAPPING events from decorations provider vscode.git 277
[2021-01-04 07:53:21.174] [exthost] [warning] [Decorations] CAPPING events from decorations provider vscode.git 277
[2021-01-04 07:53:26.358] [exthost] [warning] [Decorations] CAPPING events from decorations provider vscode.git 277
[2021-01-04 07:53:40.477] [exthost] [warning] [Decorations] CAPPING events from decorations provider vscode.git 277
[2021-01-04 07:53:45.678] [exthost] [warning] [Decorations] CAPPING events from decorations provider vscode.git 277
[2021-01-04 07:53:50.892] [exthost] [warning] [Decorations] CAPPING events from decorations provider vscode.git 277
[2021-01-04 07:54:47.236] [exthost] [warning] [Decorations] CAPPING events from decorations provider vscode.git 277
[2021-01-04 07:54:52.446] [exthost] [warning] [Decorations] CAPPING events from decorations provider vscode.git 277
[2021-01-04 07:54:57.701] [exthost] [warning] [Decorations] CAPPING events from decorations provider vscode.git 277
[2021-01-04 07:56:02.179] [exthost] [warning] [Decorations] CAPPING events from decorations provider vscode.git 277
[2021-01-04 07:56:07.385] [exthost] [warning] [Decorations] CAPPING events from decorations provider vscode.git 277
[2021-01-04 07:56:12.615] [exthost] [warning] [Decorations] CAPPING events from decorations provider vscode.git 277
[2021-01-04 07:56:17.830] [exthost] [warning] [Decorations] CAPPING events from decorations provider vscode.git 277
[2021-01-04 07:57:02.335] [exthost] [warning] [Decorations] CAPPING events from decorations provider vscode.git 277
[2021-01-04 07:57:07.565] [exthost] [warning] [Decorations] CAPPING events from decorations provider vscode.git 278
[2021-01-04 07:57:13.455] [exthost] [warning] [Decorations] CAPPING events from decorations provider vscode.git 278
[2021-01-04 07:57:18.668] [exthost] [warning] [Decorations] CAPPING events from decorations provider vscode.git 278
[2021-01-04 07:57:23.914] [exthost] [warning] [Decorations] CAPPING events from decorations provider vscode.git 278
[2021-01-04 07:57:29.135] [exthost] [warning] [Decorations] CAPPING events from decorations provider vscode.git 278
[2021-01-04 07:57:34.357] [exthost] [warning] [Decorations] CAPPING events from decorations provider vscode.git 278
[2021-01-04 07:57:39.596] [exthost] [warning] [Decorations] CAPPING events from decorations provider vscode.git 278
[2021-01-04 07:57:44.859] [exthost] [warning] [Decorations] CAPPING events from decorations provider vscode.git 278
[2021-01-04 07:57:50.059] [exthost] [warning] [Decorations] CAPPING events from decorations provider vscode.git 278
[2021-01-04 08:05:56.868] [exthost] [warning] [Decorations] CAPPING events from decorations provider vscode.git 278
[2021-01-04 08:06:03.302] [exthost] [warning] [Decorations] CAPPING events from decorations provider vscode.git 278
[2021-01-04 08:06:08.788] [exthost] [warning] [Decorations] CAPPING events from decorations provider vscode.git 278
[2021-01-04 08:06:14.741] [exthost] [warning] [Decorations] CAPPING events from decorations provider vscode.git 278
[2021-01-04 08:06:19.992] [exthost] [warning] [Decorations] CAPPING events from decorations provider vscode.git 278
[2021-01-04 08:06:25.289] [exthost] [warning] [Decorations] CAPPING events from decorations provider vscode.git 278
[2021-01-04 08:09:38.061] [exthost] [warning] [Decorations] CAPPING events from decorations provider vscode.git 278
[2021-01-04 08:09:43.329] [exthost] [warning] [Decorations] CAPPING events from decorations provider vscode.git 278
[2021-01-04 08:09:50.395] [exthost] [warning] [Decorations] CAPPING events from decorations provider vscode.git 278
[2021-01-04 08:09:55.673] [exthost] [warning] [Decorations] CAPPING events from decorations provider vscode.git 278
[2021-01-04 08:10:01.106] [exthost] [warning] [Decorations] CAPPING events from decorations provider vscode.git 278
[2021-01-04 08:10:06.364] [exthost] [warning] [Decorations] CAPPING events from decorations provider vscode.git 278
[2021-01-04 08:10:11.585] [exthost] [warning] [Decorations] CAPPING events from decorations provider vscode.git 278
[2021-01-04 08:10:16.801] [exthost] [warning] [Decorations] CAPPING events from decorations provider vscode.git 278
[2021-01-04 08:10:22.057] [exthost] [warning] [Decorations] CAPPING events from decorations provider vscode.git 278
[2021-01-04 08:10:27.306] [exthost] [warning] [Decorations] CAPPING events from decorations provider vscode.git 278
[2021-01-04 08:10:32.577] [exthost] [warning] [Decorations] CAPPING events from decorations provider vscode.git 278
[2021-01-04 08:10:37.810] [exthost] [warning] [Decorations] CAPPING events from decorations provider vscode.git 278
[2021-01-04 08:10:43.124] [exthost] [warning] [Decorations] CAPPING events from decorations provider vscode.git 278
[2021-01-04 08:10:48.367] [exthost] [warning] [Decorations] CAPPING events from decorations provider vscode.git 278
[2021-01-04 08:10:53.650] [exthost] [warning] [Decorations] CAPPING events from decorations provider vscode.git 278
[2021-01-04 08:10:58.874] [exthost] [warning] [Decorations] CAPPING events from decorations provider vscode.git 278
[2021-01-04 08:11:04.202] [exthost] [warning] [Decorations] CAPPING events from decorations provider vscode.git 278
[2021-01-04 08:11:10.605] [exthost] [warning] [Decorations] CAPPING events from decorations provider vscode.git 278
[2021-01-04 08:11:15.878] [exthost] [warning] [Decorations] CAPPING events from decorations provider vscode.git 278
[2021-01-04 08:11:21.221] [exthost] [warning] [Decorations] CAPPING events from decorations provider vscode.git 278
[2021-01-04 08:11:26.454] [exthost] [warning] [Decorations] CAPPING events from decorations provider vscode.git 278
[2021-01-04 08:11:31.704] [exthost] [warning] [Decorations] CAPPING events from decorations provider vscode.git 278
[2021-01-04 08:11:36.935] [exthost] [warning] [Decorations] CAPPING events from decorations provider vscode.git 278
[2021-01-04 08:11:42.171] [exthost] [warning] [Decorations] CAPPING events from decorations provider vscode.git 278
[2021-01-04 08:11:47.424] [exthost] [warning] [Decorations] CAPPING events from decorations provider vscode.git 278
[2021-01-04 08:11:52.682] [exthost] [warning] [Decorations] CAPPING events from decorations provider vscode.git 278
[2021-01-04 08:11:57.909] [exthost] [warning] [Decorations] CAPPING events from decorations provider vscode.git 278
[2021-01-04 08:12:03.178] [exthost] [warning] [Decorations] CAPPING events from decorations provider vscode.git 278
[2021-01-04 08:12:08.421] [exthost] [warning] [Decorations] CAPPING events from decorations provider vscode.git 278
[2021-01-04 08:12:25.318] [exthost] [warning] [Decorations] CAPPING events from decorations provider vscode.git 278
[2021-01-04 08:12:30.545] [exthost] [warning] [Decorations] CAPPING events from decorations provider vscode.git 278
[2021-01-04 08:12:35.793] [exthost] [warning] [Decorations] CAPPING events from decorations provider vscode.git 278
[2021-01-04 08:12:41.139] [exthost] [warning] [Decorations] CAPPING events from decorations provider vscode.git 278
[2021-01-04 08:12:52.251] [exthost] [warning] [Decorations] CAPPING events from decorations provider vscode.git 278
[2021-01-04 08:12:58.362] [exthost] [warning] [Decorations] CAPPING events from decorations provider vscode.git 278
[2021-01-04 08:13:03.613] [exthost] [warning] [Decorations] CAPPING events from decorations provider vscode.git 278
[2021-01-04 08:13:08.839] [exthost] [warning] [Decorations] CAPPING events from decorations provider vscode.git 278
[2021-01-04 08:13:14.086] [exthost] [warning] [Decorations] CAPPING events from decorations provider vscode.git 278
[2021-01-04 08:13:19.310] [exthost] [warning] [Decorations] CAPPING events from decorations provider vscode.git 278
[2021-01-04 08:13:24.521] [exthost] [warning] [Decorations] CAPPING events from decorations provider vscode.git 278
[2021-01-04 08:13:29.788] [exthost] [warning] [Decorations] CAPPING events from decorations provider vscode.git 278
[2021-01-04 08:13:35.062] [exthost] [warning] [Decorations] CAPPING events from decorations provider vscode.git 278
[2021-01-04 08:13:40.471] [exthost] [warning] [Decorations] CAPPING events from decorations provider vscode.git 278
[2021-01-04 08:13:45.745] [exthost] [warning] [Decorations] CAPPING events from decorations provider vscode.git 278
[2021-01-04 08:13:50.974] [exthost] [warning] [Decorations] CAPPING events from decorations provider vscode.git 278
[2021-01-04 08:13:56.209] [exthost] [warning] [Decorations] CAPPING events from decorations provider vscode.git 278
[2021-01-04 08:14:01.471] [exthost] [warning] [Decorations] CAPPING events from decorations provider vscode.git 278
[2021-01-04 08:14:06.793] [exthost] [warning] [Decorations] CAPPING events from decorations provider vscode.git 278
[2021-01-04 08:14:12.820] [exthost] [warning] [Decorations] CAPPING events from decorations provider vscode.git 278
[2021-01-04 08:14:18.077] [exthost] [warning] [Decorations] CAPPING events from decorations provider vscode.git 278
[2021-01-04 08:14:23.339] [exthost] [warning] [Decorations] CAPPING events from decorations provider vscode.git 278
[2021-01-04 08:14:28.563] [exthost] [warning] [Decorations] CAPPING events from decorations provider vscode.git 278
[2021-01-04 08:14:33.784] [exthost] [warning] [Decorations] CAPPING events from decorations provider vscode.git 278
[2021-01-04 08:14:39.057] [exthost] [warning] [Decorations] CAPPING events from decorations provider vscode.git 278
[2021-01-04 08:14:44.306] [exthost] [warning] [Decorations] CAPPING events from decorations provider vscode.git 278
[2021-01-04 08:14:49.539] [exthost] [warning] [Decorations] CAPPING events from decorations provider vscode.git 278
[2021-01-04 08:14:54.786] [exthost] [warning] [Decorations] CAPPING events from decorations provider vscode.git 278
[2021-01-04 08:15:00.076] [exthost] [warning] [Decorations] CAPPING events from decorations provider vscode.git 278
[2021-01-04 08:15:05.315] [exthost] [warning] [Decorations] CAPPING events from decorations provider vscode.git 278
[2021-01-04 08:15:10.559] [exthost] [warning] [Decorations] CAPPING events from decorations provider vscode.git 278
[2021-01-04 08:15:15.786] [exthost] [warning] [Decorations] CAPPING events from decorations provider vscode.git 278
[2021-01-04 08:15:21.021] [exthost] [warning] [Decorations] CAPPING events from decorations provider vscode.git 278
[2021-01-04 08:15:26.270] [exthost] [warning] [Decorations] CAPPING events from decorations provider vscode.git 278
[2021-01-04 08:15:31.503] [exthost] [warning] [Decorations] CAPPING events from decorations provider vscode.git 278
[2021-01-04 08:15:36.752] [exthost] [warning] [Decorations] CAPPING events from decorations provider vscode.git 278
[2021-01-04 08:15:42.017] [exthost] [warning] [Decorations] CAPPING events from decorations provider vscode.git 278
[2021-01-04 08:15:47.300] [exthost] [warning] [Decorations] CAPPING events from decorations provider vscode.git 278
[2021-01-04 08:15:52.507] [exthost] [warning] [Decorations] CAPPING events from decorations provider vscode.git 278
[2021-01-04 08:15:57.724] [exthost] [warning] [Decorations] CAPPING events from decorations provider vscode.git 278
[2021-01-04 08:16:02.950] [exthost] [warning] [Decorations] CAPPING events from decorations provider vscode.git 278
[2021-01-04 08:16:08.197] [exthost] [warning] [Decorations] CAPPING events from decorations provider vscode.git 278
[2021-01-04 08:16:13.424] [exthost] [warning] [Decorations] CAPPING events from decorations provider vscode.git 278
[2021-01-04 08:16:18.698] [exthost] [warning] [Decorations] CAPPING events from decorations provider vscode.git 278
[2021-01-04 08:16:23.930] [exthost] [warning] [Decorations] CAPPING events from decorations provider vscode.git 278
[2021-01-04 08:16:29.172] [exthost] [warning] [Decorations] CAPPING events from decorations provider vscode.git 278
[2021-01-04 08:16:34.429] [exthost] [warning] [Decorations] CAPPING events from decorations provider vscode.git 278
[2021-01-04 08:16:39.771] [exthost] [warning] [Decorations] CAPPING events from decorations provider vscode.git 278
[2021-01-04 08:16:45.696] [exthost] [warning] [Decorations] CAPPING events from decorations provider vscode.git 278
[2021-01-04 08:16:50.948] [exthost] [warning] [Decorations] CAPPING events from decorations provider vscode.git 278
[2021-01-04 08:16:56.230] [exthost] [warning] [Decorations] CAPPING events from decorations provider vscode.git 278
[2021-01-04 08:17:01.458] [exthost] [warning] [Decorations] CAPPING events from decorations provider vscode.git 278
[2021-01-04 08:17:06.690] [exthost] [warning] [Decorations] CAPPING events from decorations provider vscode.git 278
[2021-01-04 08:17:11.962] [exthost] [warning] [Decorations] CAPPING events from decorations provider vscode.git 278
[2021-01-04 08:17:17.199] [exthost] [warning] [Decorations] CAPPING events from decorations provider vscode.git 278
[2021-01-04 08:17:22.453] [exthost] [warning] [Decorations] CAPPING events from decorations provider vscode.git 278
[2021-01-04 08:17:27.673] [exthost] [warning] [Decorations] CAPPING events from decorations provider vscode.git 278
[2021-01-04 08:17:32.943] [exthost] [warning] [Decorations] CAPPING events from decorations provider vscode.git 278
[2021-01-04 08:17:38.203] [exthost] [warning] [Decorations] CAPPING events from decorations provider vscode.git 278
[2021-01-04 08:17:43.457] [exthost] [warning] [Decorations] CAPPING events from decorations provider vscode.git 278
[2021-01-04 08:17:48.706] [exthost] [warning] [Decorations] CAPPING events from decorations provider vscode.git 278
[2021-01-04 08:17:53.944] [exthost] [warning] [Decorations] CAPPING events from decorations provider vscode.git 278
[2021-01-04 08:17:59.198] [exthost] [warning] [Decorations] CAPPING events from decorations provider vscode.git 278
[2021-01-04 08:18:04.433] [exthost] [warning] [Decorations] CAPPING events from decorations provider vscode.git 278
[2021-01-04 08:18:09.689] [exthost] [warning] [Decorations] CAPPING events from decorations provider vscode.git 278
[2021-01-04 08:18:14.936] [exthost] [warning] [Decorations] CAPPING events from decorations provider vscode.git 278
[2021-01-04 08:18:20.160] [exthost] [warning] [Decorations] CAPPING events from decorations provider vscode.git 278
[2021-01-04 08:18:25.408] [exthost] [warning] [Decorations] CAPPING events from decorations provider vscode.git 278
[2021-01-04 08:18:30.661] [exthost] [warning] [Decorations] CAPPING events from decorations provider vscode.git 278
[2021-01-04 08:18:35.898] [exthost] [warning] [Decorations] CAPPING events from decorations provider vscode.git 278
[2021-01-04 08:18:41.260] [exthost] [warning] [Decorations] CAPPING events from decorations provider vscode.git 278
[2021-01-04 08:18:46.544] [exthost] [warning] [Decorations] CAPPING events from decorations provider vscode.git 278
[2021-01-04 08:18:51.821] [exthost] [warning] [Decorations] CAPPING events from decorations provider vscode.git 278
[2021-01-04 08:18:57.093] [exthost] [warning] [Decorations] CAPPING events from decorations provider vscode.git 278
[2021-01-04 08:19:02.374] [exthost] [warning] [Decorations] CAPPING events from decorations provider vscode.git 278
[2021-01-04 08:19:07.606] [exthost] [warning] [Decorations] CAPPING events from decorations provider vscode.git 278
[2021-01-04 08:19:12.852] [exthost] [warning] [Decorations] CAPPING events from decorations provider vscode.git 278
[2021-01-04 08:19:18.105] [exthost] [warning] [Decorations] CAPPING events from decorations provider vscode.git 278
[2021-01-04 08:19:23.308] [exthost] [warning] [Decorations] CAPPING events from decorations provider vscode.git 278
[2021-01-04 08:19:28.543] [exthost] [warning] [Decorations] CAPPING events from decorations provider vscode.git 278
[2021-01-04 08:19:33.835] [exthost] [warning] [Decorations] CAPPING events from decorations provider vscode.git 278
[2021-01-04 08:19:39.092] [exthost] [warning] [Decorations] CAPPING events from decorations provider vscode.git 278
[2021-01-04 08:19:44.324] [exthost] [warning] [Decorations] CAPPING events from decorations provider vscode.git 278
[2021-01-04 08:19:49.567] [exthost] [warning] [Decorations] CAPPING events from decorations provider vscode.git 278
[2021-01-04 08:19:54.790] [exthost] [warning] [Decorations] CAPPING events from decorations provider vscode.git 278
[2021-01-04 08:20:00.053] [exthost] [warning] [Decorations] CAPPING events from decorations provider vscode.git 278
[2021-01-04 08:20:05.270] [exthost] [warning] [Decorations] CAPPING events from decorations provider vscode.git 278
[2021-01-04 08:20:10.546] [exthost] [warning] [Decorations] CAPPING events from decorations provider vscode.git 278
[2021-01-04 08:20:15.812] [exthost] [warning] [Decorations] CAPPING events from decorations provider vscode.git 278
[2021-01-04 08:20:21.120] [exthost] [warning] [Decorations] CAPPING events from decorations provider vscode.git 278
[2021-01-04 08:20:26.343] [exthost] [warning] [Decorations] CAPPING events from decorations provider vscode.git 278
[2021-01-04 08:20:31.603] [exthost] [warning] [Decorations] CAPPING events from decorations provider vscode.git 278
[2021-01-04 08:20:36.878] [exthost] [warning] [Decorations] CAPPING events from decorations provider vscode.git 278
[2021-01-04 08:20:42.149] [exthost] [warning] [Decorations] CAPPING events from decorations provider vscode.git 278
[2021-01-04 08:20:47.374] [exthost] [warning] [Decorations] CAPPING events from decorations provider vscode.git 278
[2021-01-04 08:20:52.626] [exthost] [warning] [Decorations] CAPPING events from decorations provider vscode.git 278
[2021-01-04 08:20:57.934] [exthost] [warning] [Decorations] CAPPING events from decorations provider vscode.git 278
[2021-01-04 08:21:03.208] [exthost] [warning] [Decorations] CAPPING events from decorations provider vscode.git 278
[2021-01-04 08:21:08.457] [exthost] [warning] [Decorations] CAPPING events from decorations provider vscode.git 278
[2021-01-04 08:21:13.867] [exthost] [warning] [Decorations] CAPPING events from decorations provider vscode.git 278
[2021-01-04 08:21:50.492] [exthost] [warning] [Decorations] CAPPING events from decorations provider vscode.git 288
[2021-01-04 08:21:57.587] [exthost] [warning] [Decorations] CAPPING events from decorations provider vscode.git 288
[2021-01-04 08:25:13.443] [exthost] [warning] [Decorations] CAPPING events from decorations provider vscode.git 291
[2021-01-04 08:25:20.603] [exthost] [warning] [Decorations] CAPPING events from decorations provider vscode.git 291
[2021-01-04 08:25:25.828] [exthost] [warning] [Decorations] CAPPING events from decorations provider vscode.git 291
[2021-01-04 08:25:31.048] [exthost] [warning] [Decorations] CAPPING events from decorations provider vscode.git 291
[2021-01-04 08:25:36.288] [exthost] [warning] [Decorations] CAPPING events from decorations provider vscode.git 291
[2021-01-04 08:25:42.543] [exthost] [warning] [Decorations] CAPPING events from decorations provider vscode.git 291
[2021-01-04 08:25:47.764] [exthost] [warning] [Decorations] CAPPING events from decorations provider vscode.git 291
[2021-01-04 08:25:53.661] [exthost] [warning] [Decorations] CAPPING events from decorations provider vscode.git 291
[2021-01-04 08:25:59.678] [exthost] [warning] [Decorations] CAPPING events from decorations provider vscode.git 291
[2021-01-04 08:26:06.087] [exthost] [warning] [Decorations] CAPPING events from decorations provider vscode.git 291
[2021-01-04 08:26:11.471] [exthost] [warning] [Decorations] CAPPING events from decorations provider vscode.git 291
[2021-01-04 08:26:16.746] [exthost] [warning] [Decorations] CAPPING events from decorations provider vscode.git 291
[2021-01-04 08:26:21.993] [exthost] [warning] [Decorations] CAPPING events from decorations provider vscode.git 291
[2021-01-04 08:26:27.217] [exthost] [warning] [Decorations] CAPPING events from decorations provider vscode.git 291
[2021-01-04 08:26:32.489] [exthost] [warning] [Decorations] CAPPING events from decorations provider vscode.git 291
[2021-01-04 08:26:37.800] [exthost] [warning] [Decorations] CAPPING events from decorations provider vscode.git 291
[2021-01-04 08:26:43.032] [exthost] [warning] [Decorations] CAPPING events from decorations provider vscode.git 291
[2021-01-04 08:26:48.267] [exthost] [warning] [Decorations] CAPPING events from decorations provider vscode.git 291
[2021-01-04 08:26:53.511] [exthost] [warning] [Decorations] CAPPING events from decorations provider vscode.git 291
[2021-01-04 08:26:58.763] [exthost] [warning] [Decorations] CAPPING events from decorations provider vscode.git 291
[2021-01-04 08:27:04.032] [exthost] [warning] [Decorations] CAPPING events from decorations provider vscode.git 291
[2021-01-04 08:27:09.307] [exthost] [warning] [Decorations] CAPPING events from decorations provider vscode.git 291
[2021-01-04 08:27:14.550] [exthost] [warning] [Decorations] CAPPING events from decorations provider vscode.git 291
[2021-01-04 08:27:19.817] [exthost] [warning] [Decorations] CAPPING events from decorations provider vscode.git 291
[2021-01-04 08:27:25.032] [exthost] [warning] [Decorations] CAPPING events from decorations provider vscode.git 291
[2021-01-04 08:27:30.404] [exthost] [warning] [Decorations] CAPPING events from decorations provider vscode.git 291
[2021-01-04 08:27:36.502] [exthost] [warning] [Decorations] CAPPING events from decorations provider vscode.git 291
[2021-01-04 08:27:41.765] [exthost] [warning] [Decorations] CAPPING events from decorations provider vscode.git 291
[2021-01-04 08:27:47.013] [exthost] [warning] [Decorations] CAPPING events from decorations provider vscode.git 291
[2021-01-04 08:27:52.320] [exthost] [warning] [Decorations] CAPPING events from decorations provider vscode.git 291
[2021-01-04 08:27:57.580] [exthost] [warning] [Decorations] CAPPING events from decorations provider vscode.git 291
[2021-01-04 08:28:02.882] [exthost] [warning] [Decorations] CAPPING events from decorations provider vscode.git 291
[2021-01-04 08:28:08.160] [exthost] [warning] [Decorations] CAPPING events from decorations provider vscode.git 291
[2021-01-04 08:28:13.412] [exthost] [warning] [Decorations] CAPPING events from decorations provider vscode.git 291
[2021-01-04 08:28:18.634] [exthost] [warning] [Decorations] CAPPING events from decorations provider vscode.git 291
[2021-01-04 08:28:23.880] [exthost] [warning] [Decorations] CAPPING events from decorations provider vscode.git 291
[2021-01-04 08:28:29.133] [exthost] [warning] [Decorations] CAPPING events from decorations provider vscode.git 291
[2021-01-04 08:28:34.375] [exthost] [warning] [Decorations] CAPPING events from decorations provider vscode.git 291
[2021-01-04 08:28:39.624] [exthost] [warning] [Decorations] CAPPING events from decorations provider vscode.git 291
[2021-01-04 08:28:44.891] [exthost] [warning] [Decorations] CAPPING events from decorations provider vscode.git 291
[2021-01-04 08:28:50.205] [exthost] [warning] [Decorations] CAPPING events from decorations provider vscode.git 291
[2021-01-04 08:28:55.465] [exthost] [warning] [Decorations] CAPPING events from decorations provider vscode.git 291
[2021-01-04 08:29:00.706] [exthost] [warning] [Decorations] CAPPING events from decorations provider vscode.git 291
[2021-01-04 08:29:05.976] [exthost] [warning] [Decorations] CAPPING events from decorations provider vscode.git 291
[2021-01-04 08:29:11.223] [exthost] [warning] [Decorations] CAPPING events from decorations provider vscode.git 291
[2021-01-04 08:29:16.479] [exthost] [warning] [Decorations] CAPPING events from decorations provider vscode.git 291
[2021-01-04 08:29:21.734] [exthost] [warning] [Decorations] CAPPING events from decorations provider vscode.git 291
[2021-01-04 08:29:27.006] [exthost] [warning] [Decorations] CAPPING events from decorations provider vscode.git 291
[2021-01-04 08:29:32.260] [exthost] [warning] [Decorations] CAPPING events from decorations provider vscode.git 291
[2021-01-04 08:29:37.505] [exthost] [warning] [Decorations] CAPPING events from decorations provider vscode.git 291
[2021-01-04 08:29:42.740] [exthost] [warning] [Decorations] CAPPING events from decorations provider vscode.git 291
[2021-01-04 08:29:47.969] [exthost] [warning] [Decorations] CAPPING events from decorations provider vscode.git 291
[2021-01-04 08:29:53.243] [exthost] [warning] [Decorations] CAPPING events from decorations provider vscode.git 291
[2021-01-04 08:29:58.499] [exthost] [warning] [Decorations] CAPPING events from decorations provider vscode.git 291
[2021-01-04 08:30:03.757] [exthost] [warning] [Decorations] CAPPING events from decorations provider vscode.git 291
[2021-01-04 08:30:09.005] [exthost] [warning] [Decorations] CAPPING events from decorations provider vscode.git 291
[2021-01-04 08:31:41.267] [exthost] [warning] [Decorations] CAPPING events from decorations provider vscode.git 291
[2021-01-04 08:31:47.589] [exthost] [warning] [Decorations] CAPPING events from decorations provider vscode.git 291
[2021-01-04 08:31:52.893] [exthost] [warning] [Decorations] CAPPING events from decorations provider vscode.git 291
[2021-01-04 08:31:58.154] [exthost] [warning] [Decorations] CAPPING events from decorations provider vscode.git 291
[2021-01-04 08:32:03.407] [exthost] [warning] [Decorations] CAPPING events from decorations provider vscode.git 291
[2021-01-04 08:32:08.675] [exthost] [warning] [Decorations] CAPPING events from decorations provider vscode.git 291
[2021-01-04 08:32:14.514] [exthost] [warning] [Decorations] CAPPING events from decorations provider vscode.git 291
[2021-01-04 08:32:19.754] [exthost] [warning] [Decorations] CAPPING events from decorations provider vscode.git 291
[2021-01-04 08:32:24.996] [exthost] [warning] [Decorations] CAPPING events from decorations provider vscode.git 291
[2021-01-04 08:32:30.243] [exthost] [warning] [Decorations] CAPPING events from decorations provider vscode.git 291
[2021-01-04 08:32:35.482] [exthost] [warning] [Decorations] CAPPING events from decorations provider vscode.git 291
[2021-01-04 08:32:40.730] [exthost] [warning] [Decorations] CAPPING events from decorations provider vscode.git 291
[2021-01-04 08:32:45.987] [exthost] [warning] [Decorations] CAPPING events from decorations provider vscode.git 291
[2021-01-04 08:33:11.352] [exthost] [warning] [Decorations] CAPPING events from decorations provider vscode.git 291
[2021-01-04 08:33:16.693] [exthost] [warning] [Decorations] CAPPING events from decorations provider vscode.git 291
[2021-01-04 08:33:22.435] [exthost] [warning] [Decorations] CAPPING events from decorations provider vscode.git 291
[2021-01-04 08:34:22.989] [exthost] [warning] [Decorations] CAPPING events from decorations provider vscode.git 291
[2021-01-04 08:34:37.373] [exthost] [warning] [Decorations] CAPPING events from decorations provider vscode.git 291
[2021-01-04 08:34:57.962] [exthost] [warning] [Decorations] CAPPING events from decorations provider vscode.git 294
[2021-01-04 08:35:03.241] [exthost] [warning] [Decorations] CAPPING events from decorations provider vscode.git 294
[2021-01-04 08:35:08.492] [exthost] [warning] [Decorations] CAPPING events from decorations provider vscode.git 294
[2021-01-04 08:35:13.751] [exthost] [warning] [Decorations] CAPPING events from decorations provider vscode.git 294
[2021-01-04 08:35:18.993] [exthost] [warning] [Decorations] CAPPING events from decorations provider vscode.git 294
[2021-01-04 08:35:24.233] [exthost] [warning] [Decorations] CAPPING events from decorations provider vscode.git 294
[2021-01-04 08:35:29.466] [exthost] [warning] [Decorations] CAPPING events from decorations provider vscode.git 294
[2021-01-04 08:35:34.676] [exthost] [warning] [Decorations] CAPPING events from decorations provider vscode.git 294
[2021-01-04 08:35:58.779] [exthost] [warning] [Decorations] CAPPING events from decorations provider vscode.git 294
[2021-01-04 08:36:05.104] [exthost] [warning] [Decorations] CAPPING events from decorations provider vscode.git 294
[2021-01-04 08:36:38.225] [exthost] [warning] [Decorations] CAPPING events from decorations provider vscode.git 294
[2021-01-04 08:36:44.603] [exthost] [warning] [Decorations] CAPPING events from decorations provider vscode.git 294
[2021-01-04 08:36:49.871] [exthost] [warning] [Decorations] CAPPING events from decorations provider vscode.git 294
[2021-01-05 08:17:31.507] [exthost] [warning] [Decorations] CAPPING events from decorations provider vscode.git 294
[2021-01-05 08:35:19.181] [exthost] [warning] [Decorations] CAPPING events from decorations provider vscode.git 939
[2021-01-05 08:35:26.903] [exthost] [warning] [Decorations] CAPPING events from decorations provider vscode.git 939
[2021-01-05 08:35:32.478] [exthost] [warning] [Decorations] CAPPING events from decorations provider vscode.git 939
[2021-01-05 08:35:55.316] [exthost] [warning] [Decorations] CAPPING events from decorations provider vscode.git 939
[2021-01-05 08:37:04.265] [exthost] [warning] [Decorations] CAPPING events from decorations provider vscode.git 939
[2021-01-05 08:37:12.115] [exthost] [warning] [Decorations] CAPPING events from decorations provider vscode.git 939
[2021-01-05 08:37:19.457] [exthost] [warning] [Decorations] CAPPING events from decorations provider vscode.git 939
[2021-01-05 08:37:24.816] [exthost] [warning] [Decorations] CAPPING events from decorations provider vscode.git 939
[2021-01-05 08:37:30.227] [exthost] [warning] [Decorations] CAPPING events from decorations provider vscode.git 939
[2021-01-05 08:37:35.618] [exthost] [warning] [Decorations] CAPPING events from decorations provider vscode.git 939
[2021-01-05 08:37:40.978] [exthost] [warning] [Decorations] CAPPING events from decorations provider vscode.git 939
[2021-01-06 08:13:40.558] [exthost] [warning] [Decorations] CAPPING events from decorations provider vscode.git 939
[2021-01-06 08:13:52.034] [exthost] [warning] [Decorations] CAPPING events from decorations provider vscode.git 939
[2021-01-06 08:14:25.377] [exthost] [warning] [Decorations] CAPPING events from decorations provider vscode.git 939
[2021-01-06 08:14:32.395] [exthost] [warning] [Decorations] CAPPING events from decorations provider vscode.git 939
[2021-01-06 08:14:37.759] [exthost] [warning] [Decorations] CAPPING events from decorations provider vscode.git 939
[2021-01-06 08:14:43.978] [exthost] [warning] [Decorations] CAPPING events from decorations provider vscode.git 939
[2021-01-06 08:14:51.232] [exthost] [warning] [Decorations] CAPPING events from decorations provider vscode.git 939
[2021-01-06 08:14:57.622] [exthost] [warning] [Decorations] CAPPING events from decorations provider vscode.git 939
[2021-01-06 08:15:05.954] [exthost] [warning] [Decorations] CAPPING events from decorations provider vscode.git 940
[2021-01-06 08:15:11.405] [exthost] [warning] [Decorations] CAPPING events from decorations provider vscode.git 940
[2021-01-06 08:15:18.185] [exthost] [warning] [Decorations] CAPPING events from decorations provider vscode.git 940
[2021-01-06 08:15:23.524] [exthost] [warning] [Decorations] CAPPING events from decorations provider vscode.git 940
[2021-01-06 08:15:28.864] [exthost] [warning] [Decorations] CAPPING events from decorations provider vscode.git 940
[2021-01-06 08:15:34.410] [exthost] [warning] [Decorations] CAPPING events from decorations provider vscode.git 940
[2021-01-06 08:15:39.933] [exthost] [warning] [Decorations] CAPPING events from decorations provider vscode.git 940
[2021-01-06 08:15:58.504] [exthost] [warning] [Decorations] CAPPING events from decorations provider vscode.git 940
[2021-01-06 08:16:05.620] [exthost] [warning] [Decorations] CAPPING events from decorations provider vscode.git 940
[2021-01-06 08:16:10.957] [exthost] [warning] [Decorations] CAPPING events from decorations provider vscode.git 940
[2021-01-06 08:16:16.301] [exthost] [warning] [Decorations] CAPPING events from decorations provider vscode.git 940
[2021-01-06 08:16:21.648] [exthost] [warning] [Decorations] CAPPING events from decorations provider vscode.git 940
[2021-01-06 08:16:27.002] [exthost] [warning] [Decorations] CAPPING events from decorations provider vscode.git 940
[2021-01-06 08:16:32.389] [exthost] [warning] [Decorations] CAPPING events from decorations provider vscode.git 940
[2021-01-06 08:16:37.771] [exthost] [warning] [Decorations] CAPPING events from decorations provider vscode.git 940
[2021-01-06 08:16:43.147] [exthost] [warning] [Decorations] CAPPING events from decorations provider vscode.git 940
[2021-01-06 08:16:48.475] [exthost] [warning] [Decorations] CAPPING events from decorations provider vscode.git 940
[2021-01-06 08:16:53.824] [exthost] [warning] [Decorations] CAPPING events from decorations provider vscode.git 940
[2021-01-06 08:16:59.323] [exthost] [warning] [Decorations] CAPPING events from decorations provider vscode.git 940
[2021-01-06 08:17:07.370] [exthost] [warning] [Decorations] CAPPING events from decorations provider vscode.git 940
[2021-01-06 08:17:16.261] [exthost] [warning] [Decorations] CAPPING events from decorations provider vscode.git 940
[2021-01-06 08:17:38.974] [exthost] [warning] [Decorations] CAPPING events from decorations provider vscode.git 940
[2021-01-06 08:17:48.209] [exthost] [warning] [Decorations] CAPPING events from decorations provider vscode.git 941
[2021-01-06 08:17:53.709] [exthost] [warning] [Decorations] CAPPING events from decorations provider vscode.git 941
[2021-01-06 08:18:02.219] [exthost] [warning] [Decorations] CAPPING events from decorations provider vscode.git 941
[2021-01-06 08:18:10.913] [exthost] [warning] [Decorations] CAPPING events from decorations provider vscode.git 941
[2021-01-06 08:18:55.341] [exthost] [warning] [Decorations] CAPPING events from decorations provider vscode.git 941
[2021-01-06 08:19:06.228] [exthost] [warning] [Decorations] CAPPING events from decorations provider vscode.git 941
[2021-01-06 08:19:16.600] [exthost] [warning] [Decorations] CAPPING events from decorations provider vscode.git 941
[2021-01-10 13:05:21.346] [exthost] [warning] [Decorations] CAPPING events from decorations provider vscode.git 941
[2021-01-10 13:05:33.803] [exthost] [warning] [Decorations] CAPPING events from decorations provider vscode.git 941
[2021-01-10 13:05:42.870] [exthost] [warning] [Decorations] CAPPING events from decorations provider vscode.git 941
[2021-01-10 13:05:48.267] [exthost] [warning] [Decorations] CAPPING events from decorations provider vscode.git 941
[2021-01-10 13:05:55.469] [exthost] [warning] [Decorations] CAPPING events from decorations provider vscode.git 941
[2021-01-10 13:06:03.084] [exthost] [warning] [Decorations] CAPPING events from decorations provider vscode.git 941
[2021-01-10 13:06:08.578] [exthost] [warning] [Decorations] CAPPING events from decorations provider vscode.git 941
[2021-01-10 13:06:13.956] [exthost] [warning] [Decorations] CAPPING events from decorations provider vscode.git 941
[2021-01-10 13:06:19.370] [exthost] [warning] [Decorations] CAPPING events from decorations provider vscode.git 941
[2021-01-10 13:06:25.905] [exthost] [warning] [Decorations] CAPPING events from decorations provider vscode.git 941
[2021-01-10 13:06:33.062] [exthost] [warning] [Decorations] CAPPING events from decorations provider vscode.git 941
[2021-01-10 13:06:38.438] [exthost] [warning] [Decorations] CAPPING events from decorations provider vscode.git 941
[2021-01-10 13:06:41.666] [exthost] [info] ExtensionService#_doActivateExtension vscode.html-language-features {"startup":false,"extensionId":{"value":"vscode.html-language-features","_lower":"vscode.html-language-features"},"activationEvent":"onLanguage:html"}
[2021-01-10 13:06:41.669] [exthost] [info] ExtensionService#loadCommonJSModule file:///usr/share/code/resources/app/extensions/html-language-features/client/dist/node/htmlClientMain
[2021-01-10 13:06:44.098] [exthost] [warning] [Decorations] CAPPING events from decorations provider vscode.git 942
[2021-01-10 13:06:49.491] [exthost] [warning] [Decorations] CAPPING events from decorations provider vscode.git 942
[2021-01-10 13:06:55.186] [exthost] [warning] [Decorations] CAPPING events from decorations provider vscode.git 942
[2021-01-10 13:07:00.634] [exthost] [warning] [Decorations] CAPPING events from decorations provider vscode.git 942
[2021-01-10 13:07:05.952] [exthost] [warning] [Decorations] CAPPING events from decorations provider vscode.git 942
[2021-01-10 13:07:11.343] [exthost] [warning] [Decorations] CAPPING events from decorations provider vscode.git 942
[2021-01-10 13:07:18.621] [exthost] [warning] [Decorations] CAPPING events from decorations provider vscode.git 942
[2021-01-10 13:07:23.965] [exthost] [warning] [Decorations] CAPPING events from decorations provider vscode.git 942
[2021-01-10 13:07:29.296] [exthost] [warning] [Decorations] CAPPING events from decorations provider vscode.git 941
[2021-01-10 13:07:34.601] [exthost] [warning] [Decorations] CAPPING events from decorations provider vscode.git 941
[2021-01-10 13:07:39.920] [exthost] [warning] [Decorations] CAPPING events from decorations provider vscode.git 941
[2021-01-10 13:07:45.237] [exthost] [warning] [Decorations] CAPPING events from decorations provider vscode.git 941
[2021-01-10 13:07:50.553] [exthost] [warning] [Decorations] CAPPING events from decorations provider vscode.git 941
[2021-01-10 13:07:55.863] [exthost] [warning] [Decorations] CAPPING events from decorations provider vscode.git 941
[2021-01-10 13:08:01.256] [exthost] [warning] [Decorations] CAPPING events from decorations provider vscode.git 941
[2021-01-10 13:08:06.666] [exthost] [warning] [Decorations] CAPPING events from decorations provider vscode.git 941
[2021-01-10 13:08:12.151] [exthost] [warning] [Decorations] CAPPING events from decorations provider vscode.git 941
[2021-01-10 13:08:18.811] [exthost] [warning] [Decorations] CAPPING events from decorations provider vscode.git 941
[2021-01-10 13:08:24.170] [exthost] [warning] [Decorations] CAPPING events from decorations provider vscode.git 941
[2021-01-10 13:08:29.489] [exthost] [warning] [Decorations] CAPPING events from decorations provider vscode.git 941
[2021-01-10 13:08:34.830] [exthost] [warning] [Decorations] CAPPING events from decorations provider vscode.git 941
[2021-01-10 13:08:40.162] [exthost] [warning] [Decorations] CAPPING events from decorations provider vscode.git 941
[2021-01-10 13:08:45.515] [exthost] [warning] [Decorations] CAPPING events from decorations provider vscode.git 941
[2021-01-10 13:08:48.772] [exthost] [info] ExtensionService#_doActivateExtension vscode.css-language-features {"startup":false,"extensionId":{"value":"vscode.css-language-features","_lower":"vscode.css-language-features"},"activationEvent":"onLanguage:css"}
[2021-01-10 13:08:48.783] [exthost] [info] ExtensionService#loadCommonJSModule file:///usr/share/code/resources/app/extensions/css-language-features/client/dist/node/cssClientMain
[2021-01-10 13:08:50.956] [exthost] [warning] [Decorations] CAPPING events from decorations provider vscode.git 942
[2021-01-10 13:08:56.300] [exthost] [warning] [Decorations] CAPPING events from decorations provider vscode.git 942
[2021-01-10 13:09:01.609] [exthost] [warning] [Decorations] CAPPING events from decorations provider vscode.git 943
[2021-01-10 13:09:06.913] [exthost] [warning] [Decorations] CAPPING events from decorations provider vscode.git 943
[2021-01-10 13:09:08.550] [exthost] [error] [vscode.html-language-features] provider FAILED
[2021-01-10 13:09:08.574] [exthost] [error] Canceled: Canceled
	at _.makeCancelError (/usr/share/code/resources/app/extensions/html-language-features/client/dist/node/htmlClientMain.js:1:60830)
	at _.handleFailedRequest (/usr/share/code/resources/app/extensions/html-language-features/client/dist/node/htmlClientMain.js:1:60684)
	at /usr/share/code/resources/app/extensions/html-language-features/client/dist/node/htmlClientMain.js:1:22260
	at async H.provideCompletionItems (/usr/share/code/resources/app/out/vs/workbench/services/extensions/node/extensionHostProcess.js:764:28)
[2021-01-10 13:09:12.296] [exthost] [warning] [Decorations] CAPPING events from decorations provider vscode.git 944
[2021-01-10 13:09:17.661] [exthost] [warning] [Decorations] CAPPING events from decorations provider vscode.git 944
[2021-01-10 13:09:22.957] [exthost] [warning] [Decorations] CAPPING events from decorations provider vscode.git 944
[2021-01-10 13:09:28.304] [exthost] [warning] [Decorations] CAPPING events from decorations provider vscode.git 944
[2021-01-10 13:09:33.640] [exthost] [warning] [Decorations] CAPPING events from decorations provider vscode.git 943
[2021-01-10 13:09:38.982] [exthost] [warning] [Decorations] CAPPING events from decorations provider vscode.git 943
[2021-01-10 13:09:44.382] [exthost] [warning] [Decorations] CAPPING events from decorations provider vscode.git 943
[2021-01-10 13:09:49.749] [exthost] [warning] [Decorations] CAPPING events from decorations provider vscode.git 943
[2021-01-10 13:09:56.554] [exthost] [warning] [Decorations] CAPPING events from decorations provider vscode.git 943
[2021-01-11 08:14:50.271] [exthost] [warning] [Decorations] CAPPING events from decorations provider vscode.git 943
[2021-01-11 08:14:58.233] [exthost] [warning] [Decorations] CAPPING events from decorations provider vscode.git 943
[2021-01-11 08:15:04.986] [exthost] [warning] [Decorations] CAPPING events from decorations provider vscode.git 943
[2021-01-11 08:15:10.365] [exthost] [warning] [Decorations] CAPPING events from decorations provider vscode.git 943
[2021-01-11 08:15:15.777] [exthost] [warning] [Decorations] CAPPING events from decorations provider vscode.git 943
[2021-01-11 08:15:23.047] [exthost] [warning] [Decorations] CAPPING events from decorations provider vscode.git 943
[2021-01-11 08:15:28.537] [exthost] [warning] [Decorations] CAPPING events from decorations provider vscode.git 943
[2021-01-11 08:15:33.926] [exthost] [warning] [Decorations] CAPPING events from decorations provider vscode.git 943
[2021-01-11 08:15:39.295] [exthost] [warning] [Decorations] CAPPING events from decorations provider vscode.git 943
[2021-01-11 08:15:44.645] [exthost] [warning] [Decorations] CAPPING events from decorations provider vscode.git 943
[2021-01-11 08:15:50.008] [exthost] [warning] [Decorations] CAPPING events from decorations provider vscode.git 943
[2021-01-11 08:15:55.390] [exthost] [warning] [Decorations] CAPPING events from decorations provider vscode.git 943
[2021-01-11 08:16:00.814] [exthost] [warning] [Decorations] CAPPING events from decorations provider vscode.git 943
[2021-01-11 08:16:07.791] [exthost] [warning] [Decorations] CAPPING events from decorations provider vscode.git 943
[2021-01-11 08:16:13.171] [exthost] [warning] [Decorations] CAPPING events from decorations provider vscode.git 943
[2021-01-11 08:16:18.566] [exthost] [warning] [Decorations] CAPPING events from decorations provider vscode.git 943
[2021-01-11 08:16:25.483] [exthost] [warning] [Decorations] CAPPING events from decorations provider vscode.git 943
