Looking for git in: git
Using git 2.20.1 from git
> git rev-parse --git-dir
Open repository: /home/_21jvirgen/sandbox/studentnew
> git status -z -u
> git check-ignore -v -z --stdin
> git symbolic-ref --short HEAD
> git rev-parse main
> git rev-parse --symbolic-full-name main@{u}
> git rev-list --left-right main...refs/remotes/origin/main
> git for-each-ref --sort -committerdate --format %(refname) %(objectname) %(*objectname)
> git remote --verbose
Warning: Failed to watch ref '/home/_21jvirgen/sandbox/studentnew/.git/refs/remotes/origin/main', is most likely packed.
> git config --get commit.template
> git check-ignore -v -z --stdin
> git show --textconv :README.md
> git ls-files --stage -- /home/_21jvirgen/sandbox/studentnew/README.md
> git cat-file -s 9c21e336b2da6b4d2f5ed9df7e616f66372c001a
> git status -z -u
> git symbolic-ref --short HEAD
> git rev-parse main
> git rev-parse --symbolic-full-name main@{u}
> git rev-list --left-right main...refs/remotes/origin/main
> git for-each-ref --sort -committerdate --format %(refname) %(objectname) %(*objectname)
> git remote --verbose
Warning: Failed to watch ref '/home/_21jvirgen/sandbox/studentnew/.git/refs/remotes/origin/main', is most likely packed.
> git config --get commit.template
> git check-ignore -v -z --stdin
> git status -z -u
> git symbolic-ref --short HEAD
> git rev-parse main
> git show --textconv :pages/page1.html
> git ls-files --stage -- /home/_21jvirgen/sandbox/studentnew/pages/page1.html
> git rev-parse --symbolic-full-name main@{u}
> git rev-list --left-right main...refs/remotes/origin/main
> git for-each-ref --sort -committerdate --format %(refname) %(objectname) %(*objectname)
> git remote --verbose
Warning: Failed to watch ref '/home/_21jvirgen/sandbox/studentnew/.git/refs/remotes/origin/main', is most likely packed.
> git config --get commit.template
> git status -z -u
> git symbolic-ref --short HEAD
> git ls-files --stage -- /home/_21jvirgen/sandbox/studentnew/pages/page1.html
> git rev-parse main
> git rev-parse --symbolic-full-name main@{u}
> git rev-list --left-right main...refs/remotes/origin/main
> git for-each-ref --sort -committerdate --format %(refname) %(objectname) %(*objectname)
> git remote --verbose
> git show --textconv :pages/page1.html
Warning: Failed to watch ref '/home/_21jvirgen/sandbox/studentnew/.git/refs/remotes/origin/main', is most likely packed.
> git config --get commit.template
