[2020-12-14 08:27:43.072] [main] [info] update#setState idle
[2020-12-14 08:28:13.085] [main] [info] update#setState checking for updates
[2020-12-14 08:28:13.197] [main] [info] update#setState idle
[2020-12-14 10:08:29.472] [main] [info] update#setState checking for updates
[2020-12-14 10:08:40.572] [main] [info] update#setState idle
[2020-12-14 11:08:29.878] [main] [info] update#setState checking for updates
[2020-12-14 11:08:30.261] [main] [info] update#setState idle
[2020-12-14 12:49:23.303] [main] [info] update#setState checking for updates
[2020-12-14 12:49:22.163] [main] [info] update#setState idle
[2020-12-14 13:49:16.537] [main] [info] update#setState checking for updates
[2020-12-14 13:49:17.052] [main] [info] update#setState idle
[2020-12-15 07:59:21.251] [main] [info] update#setState checking for updates
[2020-12-15 07:59:32.257] [main] [error] Error: net::ERR_NAME_NOT_RESOLVED
    at SimpleURLLoaderWrapper.<anonymous> (electron/js2c/browser_init.js:105:6395)
    at SimpleURLLoaderWrapper.emit (events.js:223:5)
[2020-12-15 07:59:32.258] [main] [info] update#setState idle
[2020-12-15 12:47:30.230] [main] [info] update#setState checking for updates
[2020-12-15 12:47:36.499] [main] [info] update#setState idle
[2020-12-15 13:47:30.505] [main] [info] update#setState checking for updates
[2020-12-15 13:47:31.582] [main] [info] update#setState idle
[2020-12-16 08:01:04.795] [main] [info] update#setState checking for updates
[2020-12-16 07:59:38.573] [main] [info] update#setState idle
[2020-12-17 08:00:00.822] [main] [info] update#setState checking for updates
[2020-12-17 08:00:08.241] [main] [info] update#setState available for download
[2021-01-03 20:07:04.369] [main] [info] update#setState idle
[2021-01-04 07:36:01.595] [main] [info] update#setState checking for updates
[2021-01-04 07:36:08.496] [main] [info] update#setState available for download
[2021-01-04 07:36:54.029] [main] [info] update#setState idle
[2021-01-04 08:36:02.013] [main] [info] update#setState checking for updates
[2021-01-04 08:36:02.522] [main] [info] update#setState available for download
[2021-01-04 08:36:06.613] [main] [info] update#setState idle
[2021-01-04 10:07:27.424] [main] [info] update#setState checking for updates
[2021-01-04 10:07:35.411] [main] [info] update#setState available for download
[2021-01-06 08:15:42.931] [main] [info] update#setState idle
[2021-01-06 22:35:56.608] [main] [info] update#setState checking for updates
[2021-01-06 22:36:04.054] [main] [info] update#setState available for download
